2020-10-01 20:24:26,490 [Worker-2: Loading available Gradle versions] INFO  o.e.b.c.i.u.g.PublishedGradleVersions - Gradle version information cache is up-to-date. Trying to read.
2020-10-01 20:27:36,704 [Worker-3: Import Getting Started Content] INFO  o.e.m.c.i.l.LifecycleMappingFactory - Using org.eclipse.m2e.jdt.JarLifecycleMapping lifecycle mapping for MavenProject: com.easytobuy:PRODUCT-API-SERVICE:0.0.1-SNAPSHOT @ F:\MICROSERVICE-V1.0\PRODUCT-API-SERVICE\pom.xml.
2020-10-01 20:27:42,694 [Worker-3: Import Getting Started Content] INFO  o.e.m.j.i.AbstractJavaProjectConfigurator - Adding source folder /PRODUCT-API-SERVICE/src/main/java
2020-10-01 20:27:42,695 [Worker-3: Import Getting Started Content] INFO  o.e.m.j.i.AbstractJavaProjectConfigurator - Adding resource folder /PRODUCT-API-SERVICE/src/main/resources
2020-10-01 20:27:42,735 [Worker-3: Import Getting Started Content] INFO  o.e.m.j.i.AbstractJavaProjectConfigurator - Adding resource folder /PRODUCT-API-SERVICE/src/main/resources
2020-10-01 20:27:42,765 [Worker-3: Import Getting Started Content] INFO  o.e.m.j.i.AbstractJavaProjectConfigurator - Adding source folder /PRODUCT-API-SERVICE/src/test/java
2020-10-01 20:27:47,328 [Worker-3: Import Getting Started Content] INFO  o.e.m.c.i.p.ProjectConfigurationManager - Imported and configured 1 project(s) in 18 sec
2020-10-01 20:27:47,334 [Worker-3: Import Getting Started Content] INFO  o.e.m.c.i.p.ProjectConfigurationManager - Update started
2020-10-01 20:27:49,965 [Worker-3: Import Getting Started Content] INFO  o.e.m.c.i.l.LifecycleMappingFactory - Using org.eclipse.m2e.jdt.JarLifecycleMapping lifecycle mapping for MavenProject: com.easytobuy:PRODUCT-API-SERVICE:0.0.1-SNAPSHOT @ F:\MICROSERVICE-V1.0\PRODUCT-API-SERVICE\pom.xml.
2020-10-01 20:27:53,871 [Worker-3: Import Getting Started Content] INFO  o.e.m.j.i.AbstractJavaProjectConfigurator - Adding source folder /PRODUCT-API-SERVICE/src/main/java
2020-10-01 20:27:53,871 [Worker-3: Import Getting Started Content] INFO  o.e.m.j.i.AbstractJavaProjectConfigurator - Adding resource folder /PRODUCT-API-SERVICE/src/main/resources
2020-10-01 20:27:53,872 [Worker-3: Import Getting Started Content] INFO  o.e.m.j.i.AbstractJavaProjectConfigurator - Adding resource folder /PRODUCT-API-SERVICE/src/main/resources
2020-10-01 20:27:53,875 [Worker-3: Import Getting Started Content] INFO  o.e.m.j.i.AbstractJavaProjectConfigurator - Adding source folder /PRODUCT-API-SERVICE/src/test/java
2020-10-01 20:27:55,492 [Worker-3: Import Getting Started Content] INFO  o.e.m.c.i.p.ProjectConfigurationManager - Update completed: 8 sec
2020-10-01 20:28:00,758 [Worker-0: Building workspace] INFO  o.e.m.c.i.embedder.EclipseLogger - Using 'UTF-8' encoding to copy filtered resources.
2020-10-01 20:28:00,764 [Worker-0: Building workspace] INFO  o.e.m.c.i.embedder.EclipseLogger - Copying 1 resource
2020-10-01 20:28:00,793 [Worker-0: Building workspace] INFO  o.e.m.c.i.embedder.EclipseLogger - Copying 0 resource
2020-10-01 20:28:00,801 [Worker-0: Building workspace] INFO  o.e.m.c.i.embedder.EclipseLogger - Using 'UTF-8' encoding to copy filtered resources.
2020-10-01 20:28:00,802 [Worker-0: Building workspace] INFO  o.e.m.c.i.embedder.EclipseLogger - skip non existing resourceDirectory F:\MICROSERVICE-V1.0\PRODUCT-API-SERVICE\src\test\resources
2020-10-01 20:28:53,918 [Worker-4: Import Getting Started Content] INFO  o.e.m.c.i.l.LifecycleMappingFactory - Using org.eclipse.m2e.jdt.JarLifecycleMapping lifecycle mapping for MavenProject: com.easytobuy:COUPON-API-SERVICE:0.0.1-SNAPSHOT @ F:\MICROSERVICE-V1.0\COUPON-API-SERVICE\pom.xml.
2020-10-01 20:28:56,731 [Worker-4: Import Getting Started Content] INFO  o.e.m.j.i.AbstractJavaProjectConfigurator - Adding source folder /COUPON-API-SERVICE/src/main/java
2020-10-01 20:28:56,732 [Worker-4: Import Getting Started Content] INFO  o.e.m.j.i.AbstractJavaProjectConfigurator - Adding resource folder /COUPON-API-SERVICE/src/main/resources
2020-10-01 20:28:56,762 [Worker-4: Import Getting Started Content] INFO  o.e.m.j.i.AbstractJavaProjectConfigurator - Adding resource folder /COUPON-API-SERVICE/src/main/resources
2020-10-01 20:28:56,800 [Worker-4: Import Getting Started Content] INFO  o.e.m.j.i.AbstractJavaProjectConfigurator - Adding source folder /COUPON-API-SERVICE/src/test/java
2020-10-01 20:28:58,965 [Worker-4: Import Getting Started Content] INFO  o.e.m.c.i.p.ProjectConfigurationManager - Imported and configured 1 project(s) in 6 sec
2020-10-01 20:28:58,968 [Worker-4: Import Getting Started Content] INFO  o.e.m.c.i.p.ProjectConfigurationManager - Update started
2020-10-01 20:29:01,487 [Worker-4: Import Getting Started Content] INFO  o.e.m.c.i.l.LifecycleMappingFactory - Using org.eclipse.m2e.jdt.JarLifecycleMapping lifecycle mapping for MavenProject: com.easytobuy:COUPON-API-SERVICE:0.0.1-SNAPSHOT @ F:\MICROSERVICE-V1.0\COUPON-API-SERVICE\pom.xml.
2020-10-01 20:30:17,021 [Worker-4: Import Getting Started Content] INFO  o.e.m.j.i.AbstractJavaProjectConfigurator - Adding source folder /COUPON-API-SERVICE/src/main/java
2020-10-01 20:30:17,022 [Worker-4: Import Getting Started Content] INFO  o.e.m.j.i.AbstractJavaProjectConfigurator - Adding resource folder /COUPON-API-SERVICE/src/main/resources
2020-10-01 20:30:17,025 [Worker-4: Import Getting Started Content] INFO  o.e.m.j.i.AbstractJavaProjectConfigurator - Adding resource folder /COUPON-API-SERVICE/src/main/resources
2020-10-01 20:30:17,068 [Worker-4: Import Getting Started Content] INFO  o.e.m.j.i.AbstractJavaProjectConfigurator - Adding source folder /COUPON-API-SERVICE/src/test/java
2020-10-01 20:30:20,218 [Worker-4: Import Getting Started Content] INFO  o.e.m.c.i.p.ProjectConfigurationManager - Update completed: 81 sec
2020-10-01 20:30:25,159 [Worker-11: Building workspace] INFO  o.e.m.c.i.embedder.EclipseLogger - Using 'UTF-8' encoding to copy filtered resources.
2020-10-01 20:30:25,160 [Worker-11: Building workspace] INFO  o.e.m.c.i.embedder.EclipseLogger - Copying 1 resource
2020-10-01 20:30:25,162 [Worker-11: Building workspace] INFO  o.e.m.c.i.embedder.EclipseLogger - Copying 0 resource
2020-10-01 20:30:25,166 [Worker-11: Building workspace] INFO  o.e.m.c.i.embedder.EclipseLogger - Using 'UTF-8' encoding to copy filtered resources.
2020-10-01 20:30:25,166 [Worker-11: Building workspace] INFO  o.e.m.c.i.embedder.EclipseLogger - skip non existing resourceDirectory F:\MICROSERVICE-V1.0\COUPON-API-SERVICE\src\test\resources
2020-10-01 20:32:19,674 [Worker-10: Import Getting Started Content] INFO  o.e.m.c.i.l.LifecycleMappingFactory - Using org.eclipse.m2e.jdt.JarLifecycleMapping lifecycle mapping for MavenProject: com.easytobuy:GATEWAY-API-SERVICE:0.0.1-SNAPSHOT @ F:\MICROSERVICE-V1.0\GATEWAY-API-SERVICE\pom.xml.
2020-10-01 20:32:22,639 [Worker-10: Import Getting Started Content] INFO  o.e.m.j.i.AbstractJavaProjectConfigurator - Adding source folder /GATEWAY-API-SERVICE/src/main/java
2020-10-01 20:32:22,639 [Worker-10: Import Getting Started Content] INFO  o.e.m.j.i.AbstractJavaProjectConfigurator - Adding resource folder /GATEWAY-API-SERVICE/src/main/resources
2020-10-01 20:32:22,664 [Worker-10: Import Getting Started Content] INFO  o.e.m.j.i.AbstractJavaProjectConfigurator - Adding resource folder /GATEWAY-API-SERVICE/src/main/resources
2020-10-01 20:32:22,681 [Worker-10: Import Getting Started Content] INFO  o.e.m.j.i.AbstractJavaProjectConfigurator - Adding source folder /GATEWAY-API-SERVICE/src/test/java
2020-10-01 20:32:26,578 [Worker-10: Import Getting Started Content] INFO  o.e.m.c.i.p.ProjectConfigurationManager - Imported and configured 1 project(s) in 8 sec
2020-10-01 20:32:26,582 [Worker-10: Import Getting Started Content] INFO  o.e.m.c.i.p.ProjectConfigurationManager - Update started
2020-10-01 20:32:28,302 [Worker-10: Import Getting Started Content] INFO  o.e.m.c.i.l.LifecycleMappingFactory - Using org.eclipse.m2e.jdt.JarLifecycleMapping lifecycle mapping for MavenProject: com.easytobuy:GATEWAY-API-SERVICE:0.0.1-SNAPSHOT @ F:\MICROSERVICE-V1.0\GATEWAY-API-SERVICE\pom.xml.
2020-10-01 20:32:44,580 [Worker-10: Import Getting Started Content] INFO  o.e.m.j.i.AbstractJavaProjectConfigurator - Adding source folder /GATEWAY-API-SERVICE/src/main/java
2020-10-01 20:32:44,580 [Worker-10: Import Getting Started Content] INFO  o.e.m.j.i.AbstractJavaProjectConfigurator - Adding resource folder /GATEWAY-API-SERVICE/src/main/resources
2020-10-01 20:32:44,584 [Worker-10: Import Getting Started Content] INFO  o.e.m.j.i.AbstractJavaProjectConfigurator - Adding resource folder /GATEWAY-API-SERVICE/src/main/resources
2020-10-01 20:32:44,596 [Worker-10: Import Getting Started Content] INFO  o.e.m.j.i.AbstractJavaProjectConfigurator - Adding source folder /GATEWAY-API-SERVICE/src/test/java
2020-10-01 20:32:45,477 [Worker-10: Import Getting Started Content] INFO  o.e.m.c.i.p.ProjectConfigurationManager - Update completed: 18 sec
2020-10-01 20:32:48,319 [Worker-1: Building workspace] INFO  o.e.m.c.i.embedder.EclipseLogger - Using 'UTF-8' encoding to copy filtered resources.
2020-10-01 20:32:48,320 [Worker-1: Building workspace] INFO  o.e.m.c.i.embedder.EclipseLogger - Copying 1 resource
2020-10-01 20:32:48,322 [Worker-1: Building workspace] INFO  o.e.m.c.i.embedder.EclipseLogger - Copying 0 resource
2020-10-01 20:32:48,326 [Worker-1: Building workspace] INFO  o.e.m.c.i.embedder.EclipseLogger - Using 'UTF-8' encoding to copy filtered resources.
2020-10-01 20:32:48,326 [Worker-1: Building workspace] INFO  o.e.m.c.i.embedder.EclipseLogger - skip non existing resourceDirectory F:\MICROSERVICE-V1.0\GATEWAY-API-SERVICE\src\test\resources
2020-10-01 20:33:00,040 [Worker-4: Building workspace] INFO  o.e.m.c.i.l.LifecycleMappingFactory - Using org.eclipse.m2e.jdt.JarLifecycleMapping lifecycle mapping for MavenProject: com.easytobuy:PRODUCT-API-SERVICE:0.0.1-SNAPSHOT @ F:\MICROSERVICE-V1.0\PRODUCT-API-SERVICE\pom.xml.
2020-10-01 20:33:02,263 [Worker-4: Building workspace] INFO  o.e.m.c.i.embedder.EclipseLogger - Using 'UTF-8' encoding to copy filtered resources.
2020-10-01 20:33:02,265 [Worker-4: Building workspace] INFO  o.e.m.c.i.embedder.EclipseLogger - Copying 0 resource
2020-10-01 20:33:02,266 [Worker-4: Building workspace] INFO  o.e.m.c.i.embedder.EclipseLogger - Copying 0 resource
2020-10-01 20:33:02,269 [Worker-4: Building workspace] INFO  o.e.m.c.i.embedder.EclipseLogger - Using 'UTF-8' encoding to copy filtered resources.
2020-10-01 20:33:02,270 [Worker-4: Building workspace] INFO  o.e.m.c.i.embedder.EclipseLogger - skip non existing resourceDirectory F:\MICROSERVICE-V1.0\PRODUCT-API-SERVICE\src\test\resources
2020-10-01 20:33:06,348 [Worker-10: Building workspace] INFO  o.e.m.c.i.embedder.EclipseLogger - Using 'UTF-8' encoding to copy filtered resources.
2020-10-01 20:33:06,352 [Worker-10: Building workspace] INFO  o.e.m.c.i.embedder.EclipseLogger - Copying 1 resource
2020-10-01 20:33:06,354 [Worker-10: Building workspace] INFO  o.e.m.c.i.embedder.EclipseLogger - Copying 0 resource
2020-10-01 20:33:06,357 [Worker-10: Building workspace] INFO  o.e.m.c.i.embedder.EclipseLogger - Using 'UTF-8' encoding to copy filtered resources.
2020-10-01 20:33:06,358 [Worker-10: Building workspace] INFO  o.e.m.c.i.embedder.EclipseLogger - skip non existing resourceDirectory F:\MICROSERVICE-V1.0\PRODUCT-API-SERVICE\src\test\resources
